19:15:28 [main] [INFO ] org.testng.internal.Utils - [TestNG] Running:
  C:\Users\gowri\GowriShankar_WorkSpace\HybridAutomationFramework\src\test\java\testCases\desired_browser.xml

19:15:28 [main] [INFO ] testCases.LoginTest_dataDriven - Initializing the Driver setUp
19:15:29 [main] [INFO ] testCases.LoginTest_dataDriven - Launching Browser
19:15:31 [main] [INFO ] testCases.LoginTest_dataDriven -  Login Test Case Starts 
19:15:31 [main] [INFO ] testCases.LoginTest_dataDriven -  Performing Actions on Home Page for loginTest 
19:15:31 [main] [INFO ] testCases.LoginTest_dataDriven -  Performing Actions at loginTest 
19:15:31 [main] [INFO ] testCases.LoginTest_dataDriven -  Clicking logOut button in AccountPafe 
19:15:41 [main] [ERROR] testCases.LoginTest_dataDriven - 		--)Failed at Verifying the AccountPage Status : no such element: Unable to locate element: {"method":"xpath","selector":"//h2[normalize-space()='My Account']"}
  (Session info: chrome=136.0.7103.114)
For documentation on this error, please visit: https://www.selenium.dev/documentation/webdriver/troubleshooting/errors#no-such-element-exception
Build info: version: '4.32.0', revision: 'd17c8aa950'
System info: os.name: 'Windows 11', os.arch: 'amd64', os.version: '10.0', java.version: '21.0.6'
Driver info: org.openqa.selenium.chrome.ChromeDriver
Command: [5bcae7a116a79d80d00d44a9268812c9, findElement {using=xpath, value=//h2[normalize-space()='My Account']}]
Capabilities {acceptInsecureCerts: false, browserName: chrome, browserVersion: 136.0.7103.114, chrome: {chromedriverVersion: 136.0.7103.113 (76fa3c17824..., userDataDir: C:\Users\gowri\AppData\Loca...}, fedcm:accounts: true, goog:chromeOptions: {debuggerAddress: localhost:53276}, networkConnectionEnabled: false, pageLoadStrategy: normal, platformName: windows, proxy: Proxy(), se:cdp: ws://localhost:53276/devtoo..., se:cdpVersion: 136.0.7103.114, setWindowRect: true, strictFileInteractability: false, timeouts: {implicit: 0, pageLoad: 300000, script: 30000}, unhandledPromptBehavior: dismiss and notify, webauthn:extension:credBlob: true, webauthn:extension:largeBlob: true, webauthn:extension:minPinLength: true, webauthn:extension:prf: true, webauthn:virtualAuthenticators: true}
Session ID: 5bcae7a116a79d80d00d44a9268812c9
19:15:41 [main] [INFO ] testCases.LoginTest_dataDriven -  Login Test Case Starts 
19:15:41 [main] [INFO ] testCases.LoginTest_dataDriven -  Performing Actions on Home Page for loginTest 
19:15:41 [main] [INFO ] testCases.LoginTest_dataDriven -  Performing Actions at loginTest 
19:15:42 [main] [INFO ] testCases.LoginTest_dataDriven -  Clicking logOut button in AccountPafe 
19:15:52 [main] [ERROR] testCases.LoginTest_dataDriven - 		--)Failed at Verifying the AccountPage Status : no such element: Unable to locate element: {"method":"xpath","selector":"//h2[normalize-space()='My Account']"}
  (Session info: chrome=136.0.7103.114)
For documentation on this error, please visit: https://www.selenium.dev/documentation/webdriver/troubleshooting/errors#no-such-element-exception
Build info: version: '4.32.0', revision: 'd17c8aa950'
System info: os.name: 'Windows 11', os.arch: 'amd64', os.version: '10.0', java.version: '21.0.6'
Driver info: org.openqa.selenium.chrome.ChromeDriver
Command: [5bcae7a116a79d80d00d44a9268812c9, findElement {using=xpath, value=//h2[normalize-space()='My Account']}]
Capabilities {acceptInsecureCerts: false, browserName: chrome, browserVersion: 136.0.7103.114, chrome: {chromedriverVersion: 136.0.7103.113 (76fa3c17824..., userDataDir: C:\Users\gowri\AppData\Loca...}, fedcm:accounts: true, goog:chromeOptions: {debuggerAddress: localhost:53276}, networkConnectionEnabled: false, pageLoadStrategy: normal, platformName: windows, proxy: Proxy(), se:cdp: ws://localhost:53276/devtoo..., se:cdpVersion: 136.0.7103.114, setWindowRect: true, strictFileInteractability: false, timeouts: {implicit: 0, pageLoad: 300000, script: 30000}, unhandledPromptBehavior: dismiss and notify, webauthn:extension:credBlob: true, webauthn:extension:largeBlob: true, webauthn:extension:minPinLength: true, webauthn:extension:prf: true, webauthn:virtualAuthenticators: true}
Session ID: 5bcae7a116a79d80d00d44a9268812c9
19:15:52 [main] [INFO ] testCases.LoginTest_dataDriven -  Login Test Case Starts 
19:15:52 [main] [INFO ] testCases.LoginTest_dataDriven -  Performing Actions on Home Page for loginTest 
19:15:53 [main] [INFO ] testCases.LoginTest_dataDriven -  Performing Actions at loginTest 
19:15:53 [main] [INFO ] testCases.LoginTest_dataDriven -  Clicking logOut button in AccountPafe 
19:16:04 [main] [ERROR] testCases.LoginTest_dataDriven - 		--)Failed at Verifying the AccountPage Status : no such element: Unable to locate element: {"method":"xpath","selector":"//h2[normalize-space()='My Account']"}
  (Session info: chrome=136.0.7103.114)
For documentation on this error, please visit: https://www.selenium.dev/documentation/webdriver/troubleshooting/errors#no-such-element-exception
Build info: version: '4.32.0', revision: 'd17c8aa950'
System info: os.name: 'Windows 11', os.arch: 'amd64', os.version: '10.0', java.version: '21.0.6'
Driver info: org.openqa.selenium.chrome.ChromeDriver
Command: [5bcae7a116a79d80d00d44a9268812c9, findElement {using=xpath, value=//h2[normalize-space()='My Account']}]
Capabilities {acceptInsecureCerts: false, browserName: chrome, browserVersion: 136.0.7103.114, chrome: {chromedriverVersion: 136.0.7103.113 (76fa3c17824..., userDataDir: C:\Users\gowri\AppData\Loca...}, fedcm:accounts: true, goog:chromeOptions: {debuggerAddress: localhost:53276}, networkConnectionEnabled: false, pageLoadStrategy: normal, platformName: windows, proxy: Proxy(), se:cdp: ws://localhost:53276/devtoo..., se:cdpVersion: 136.0.7103.114, setWindowRect: true, strictFileInteractability: false, timeouts: {implicit: 0, pageLoad: 300000, script: 30000}, unhandledPromptBehavior: dismiss and notify, webauthn:extension:credBlob: true, webauthn:extension:largeBlob: true, webauthn:extension:minPinLength: true, webauthn:extension:prf: true, webauthn:virtualAuthenticators: true}
Session ID: 5bcae7a116a79d80d00d44a9268812c9
19:16:04 [main] [INFO ] testCases.LoginTest_dataDriven -  Login Test Case Starts 
19:16:04 [main] [INFO ] testCases.LoginTest_dataDriven -  Performing Actions on Home Page for loginTest 
19:16:04 [main] [INFO ] testCases.LoginTest_dataDriven -  Performing Actions at loginTest 
19:16:05 [main] [INFO ] testCases.LoginTest_dataDriven -  Clicking logOut button in AccountPafe 
19:16:15 [main] [ERROR] testCases.LoginTest_dataDriven - 		--)Failed at Verifying the AccountPage Status : no such element: Unable to locate element: {"method":"xpath","selector":"//h2[normalize-space()='My Account']"}
  (Session info: chrome=136.0.7103.114)
For documentation on this error, please visit: https://www.selenium.dev/documentation/webdriver/troubleshooting/errors#no-such-element-exception
Build info: version: '4.32.0', revision: 'd17c8aa950'
System info: os.name: 'Windows 11', os.arch: 'amd64', os.version: '10.0', java.version: '21.0.6'
Driver info: org.openqa.selenium.chrome.ChromeDriver
Command: [5bcae7a116a79d80d00d44a9268812c9, findElement {using=xpath, value=//h2[normalize-space()='My Account']}]
Capabilities {acceptInsecureCerts: false, browserName: chrome, browserVersion: 136.0.7103.114, chrome: {chromedriverVersion: 136.0.7103.113 (76fa3c17824..., userDataDir: C:\Users\gowri\AppData\Loca...}, fedcm:accounts: true, goog:chromeOptions: {debuggerAddress: localhost:53276}, networkConnectionEnabled: false, pageLoadStrategy: normal, platformName: windows, proxy: Proxy(), se:cdp: ws://localhost:53276/devtoo..., se:cdpVersion: 136.0.7103.114, setWindowRect: true, strictFileInteractability: false, timeouts: {implicit: 0, pageLoad: 300000, script: 30000}, unhandledPromptBehavior: dismiss and notify, webauthn:extension:credBlob: true, webauthn:extension:largeBlob: true, webauthn:extension:minPinLength: true, webauthn:extension:prf: true, webauthn:virtualAuthenticators: true}
Session ID: 5bcae7a116a79d80d00d44a9268812c9
19:16:15 [main] [INFO ] testCases.LoginTest_dataDriven -  Login Test Case Starts 
19:16:15 [main] [INFO ] testCases.LoginTest_dataDriven -  Performing Actions on Home Page for loginTest 
19:16:16 [main] [INFO ] testCases.LoginTest_dataDriven -  Performing Actions at loginTest 
19:16:16 [main] [INFO ] testCases.LoginTest_dataDriven -  Clicking logOut button in AccountPafe 
19:16:26 [main] [ERROR] testCases.LoginTest_dataDriven - 		--)Failed at Verifying the AccountPage Status : no such element: Unable to locate element: {"method":"xpath","selector":"//h2[normalize-space()='My Account']"}
  (Session info: chrome=136.0.7103.114)
For documentation on this error, please visit: https://www.selenium.dev/documentation/webdriver/troubleshooting/errors#no-such-element-exception
Build info: version: '4.32.0', revision: 'd17c8aa950'
System info: os.name: 'Windows 11', os.arch: 'amd64', os.version: '10.0', java.version: '21.0.6'
Driver info: org.openqa.selenium.chrome.ChromeDriver
Command: [5bcae7a116a79d80d00d44a9268812c9, findElement {using=xpath, value=//h2[normalize-space()='My Account']}]
Capabilities {acceptInsecureCerts: false, browserName: chrome, browserVersion: 136.0.7103.114, chrome: {chromedriverVersion: 136.0.7103.113 (76fa3c17824..., userDataDir: C:\Users\gowri\AppData\Loca...}, fedcm:accounts: true, goog:chromeOptions: {debuggerAddress: localhost:53276}, networkConnectionEnabled: false, pageLoadStrategy: normal, platformName: windows, proxy: Proxy(), se:cdp: ws://localhost:53276/devtoo..., se:cdpVersion: 136.0.7103.114, setWindowRect: true, strictFileInteractability: false, timeouts: {implicit: 0, pageLoad: 300000, script: 30000}, unhandledPromptBehavior: dismiss and notify, webauthn:extension:credBlob: true, webauthn:extension:largeBlob: true, webauthn:extension:minPinLength: true, webauthn:extension:prf: true, webauthn:virtualAuthenticators: true}
Session ID: 5bcae7a116a79d80d00d44a9268812c9
19:16:26 [main] [INFO ] testCases.LoginTest_dataDriven - Closing the Browser
