19:10:31 [main] [INFO ] org.testng.internal.Utils - [TestNG] Running:
  C:\Users\gowri\GowriShankar_WorkSpace\HybridAutomationFramework\src\test\java\testCases\desired_browser.xml

19:10:31 [main] [INFO ] testCases.LoginTest_dataDriven - Initializing the Driver setUp
19:10:33 [main] [INFO ] testCases.LoginTest_dataDriven - Launching Browser
19:10:37 [main] [INFO ] testCases.LoginTest_dataDriven -  Login Test Case Starts 
19:10:37 [main] [INFO ] testCases.LoginTest_dataDriven -  Performing Actions on Home Page for loginTest 
19:10:37 [main] [INFO ] testCases.LoginTest_dataDriven -  Performing Actions at loginTest 
19:10:38 [main] [INFO ] testCases.LoginTest_dataDriven -  Clicking logOut button in AccountPafe 
19:10:48 [main] [ERROR] testCases.LoginTest_dataDriven - 		--)Failed at Verifying the AccountPage Status : no such element: Unable to locate element: {"method":"xpath","selector":"//h2[normalize-space()='My Account']"}
  (Session info: chrome=136.0.7103.114)
For documentation on this error, please visit: https://www.selenium.dev/documentation/webdriver/troubleshooting/errors#no-such-element-exception
Build info: version: '4.32.0', revision: 'd17c8aa950'
System info: os.name: 'Windows 11', os.arch: 'amd64', os.version: '10.0', java.version: '21.0.6'
Driver info: org.openqa.selenium.chrome.ChromeDriver
Command: [6907b9c213ed0195baee6ae5149043c5, findElement {value=//h2[normalize-space()='My Account'], using=xpath}]
Capabilities {acceptInsecureCerts: false, browserName: chrome, browserVersion: 136.0.7103.114, chrome: {chromedriverVersion: 136.0.7103.113 (76fa3c17824..., userDataDir: C:\Users\gowri\AppData\Loca...}, fedcm:accounts: true, goog:chromeOptions: {debuggerAddress: localhost:52900}, networkConnectionEnabled: false, pageLoadStrategy: normal, platformName: windows, proxy: Proxy(), se:cdp: ws://localhost:52900/devtoo..., se:cdpVersion: 136.0.7103.114, setWindowRect: true, strictFileInteractability: false, timeouts: {implicit: 0, pageLoad: 300000, script: 30000}, unhandledPromptBehavior: dismiss and notify, webauthn:extension:credBlob: true, webauthn:extension:largeBlob: true, webauthn:extension:minPinLength: true, webauthn:extension:prf: true, webauthn:virtualAuthenticators: true}
Session ID: 6907b9c213ed0195baee6ae5149043c5
19:10:48 [main] [INFO ] testCases.LoginTest_dataDriven -  Login Test Case Starts 
19:10:48 [main] [INFO ] testCases.LoginTest_dataDriven -  Performing Actions on Home Page for loginTest 
19:10:49 [main] [INFO ] testCases.LoginTest_dataDriven -  Performing Actions at loginTest 
19:10:49 [main] [INFO ] testCases.LoginTest_dataDriven -  Clicking logOut button in AccountPafe 
19:11:00 [main] [ERROR] testCases.LoginTest_dataDriven - 		--)Failed at Verifying the AccountPage Status : no such element: Unable to locate element: {"method":"xpath","selector":"//h2[normalize-space()='My Account']"}
  (Session info: chrome=136.0.7103.114)
For documentation on this error, please visit: https://www.selenium.dev/documentation/webdriver/troubleshooting/errors#no-such-element-exception
Build info: version: '4.32.0', revision: 'd17c8aa950'
System info: os.name: 'Windows 11', os.arch: 'amd64', os.version: '10.0', java.version: '21.0.6'
Driver info: org.openqa.selenium.chrome.ChromeDriver
Command: [6907b9c213ed0195baee6ae5149043c5, findElement {value=//h2[normalize-space()='My Account'], using=xpath}]
Capabilities {acceptInsecureCerts: false, browserName: chrome, browserVersion: 136.0.7103.114, chrome: {chromedriverVersion: 136.0.7103.113 (76fa3c17824..., userDataDir: C:\Users\gowri\AppData\Loca...}, fedcm:accounts: true, goog:chromeOptions: {debuggerAddress: localhost:52900}, networkConnectionEnabled: false, pageLoadStrategy: normal, platformName: windows, proxy: Proxy(), se:cdp: ws://localhost:52900/devtoo..., se:cdpVersion: 136.0.7103.114, setWindowRect: true, strictFileInteractability: false, timeouts: {implicit: 0, pageLoad: 300000, script: 30000}, unhandledPromptBehavior: dismiss and notify, webauthn:extension:credBlob: true, webauthn:extension:largeBlob: true, webauthn:extension:minPinLength: true, webauthn:extension:prf: true, webauthn:virtualAuthenticators: true}
Session ID: 6907b9c213ed0195baee6ae5149043c5
19:11:00 [main] [INFO ] testCases.LoginTest_dataDriven -  Login Test Case Starts 
19:11:00 [main] [INFO ] testCases.LoginTest_dataDriven -  Performing Actions on Home Page for loginTest 
19:11:00 [main] [INFO ] testCases.LoginTest_dataDriven -  Performing Actions at loginTest 
19:11:01 [main] [INFO ] testCases.LoginTest_dataDriven -  Clicking logOut button in AccountPafe 
19:11:12 [main] [ERROR] testCases.LoginTest_dataDriven - 		--)Failed at Verifying the AccountPage Status : no such element: Unable to locate element: {"method":"xpath","selector":"//h2[normalize-space()='My Account']"}
  (Session info: chrome=136.0.7103.114)
For documentation on this error, please visit: https://www.selenium.dev/documentation/webdriver/troubleshooting/errors#no-such-element-exception
Build info: version: '4.32.0', revision: 'd17c8aa950'
System info: os.name: 'Windows 11', os.arch: 'amd64', os.version: '10.0', java.version: '21.0.6'
Driver info: org.openqa.selenium.chrome.ChromeDriver
Command: [6907b9c213ed0195baee6ae5149043c5, findElement {value=//h2[normalize-space()='My Account'], using=xpath}]
Capabilities {acceptInsecureCerts: false, browserName: chrome, browserVersion: 136.0.7103.114, chrome: {chromedriverVersion: 136.0.7103.113 (76fa3c17824..., userDataDir: C:\Users\gowri\AppData\Loca...}, fedcm:accounts: true, goog:chromeOptions: {debuggerAddress: localhost:52900}, networkConnectionEnabled: false, pageLoadStrategy: normal, platformName: windows, proxy: Proxy(), se:cdp: ws://localhost:52900/devtoo..., se:cdpVersion: 136.0.7103.114, setWindowRect: true, strictFileInteractability: false, timeouts: {implicit: 0, pageLoad: 300000, script: 30000}, unhandledPromptBehavior: dismiss and notify, webauthn:extension:credBlob: true, webauthn:extension:largeBlob: true, webauthn:extension:minPinLength: true, webauthn:extension:prf: true, webauthn:virtualAuthenticators: true}
Session ID: 6907b9c213ed0195baee6ae5149043c5
19:11:12 [main] [INFO ] testCases.LoginTest_dataDriven -  Login Test Case Starts 
19:11:12 [main] [INFO ] testCases.LoginTest_dataDriven -  Performing Actions on Home Page for loginTest 
19:11:12 [main] [INFO ] testCases.LoginTest_dataDriven -  Performing Actions at loginTest 
19:11:13 [main] [INFO ] testCases.LoginTest_dataDriven -  Clicking logOut button in AccountPafe 
19:11:23 [main] [ERROR] testCases.LoginTest_dataDriven - 		--)Failed at Verifying the AccountPage Status : no such element: Unable to locate element: {"method":"xpath","selector":"//h2[normalize-space()='My Account']"}
  (Session info: chrome=136.0.7103.114)
For documentation on this error, please visit: https://www.selenium.dev/documentation/webdriver/troubleshooting/errors#no-such-element-exception
Build info: version: '4.32.0', revision: 'd17c8aa950'
System info: os.name: 'Windows 11', os.arch: 'amd64', os.version: '10.0', java.version: '21.0.6'
Driver info: org.openqa.selenium.chrome.ChromeDriver
Command: [6907b9c213ed0195baee6ae5149043c5, findElement {value=//h2[normalize-space()='My Account'], using=xpath}]
Capabilities {acceptInsecureCerts: false, browserName: chrome, browserVersion: 136.0.7103.114, chrome: {chromedriverVersion: 136.0.7103.113 (76fa3c17824..., userDataDir: C:\Users\gowri\AppData\Loca...}, fedcm:accounts: true, goog:chromeOptions: {debuggerAddress: localhost:52900}, networkConnectionEnabled: false, pageLoadStrategy: normal, platformName: windows, proxy: Proxy(), se:cdp: ws://localhost:52900/devtoo..., se:cdpVersion: 136.0.7103.114, setWindowRect: true, strictFileInteractability: false, timeouts: {implicit: 0, pageLoad: 300000, script: 30000}, unhandledPromptBehavior: dismiss and notify, webauthn:extension:credBlob: true, webauthn:extension:largeBlob: true, webauthn:extension:minPinLength: true, webauthn:extension:prf: true, webauthn:virtualAuthenticators: true}
Session ID: 6907b9c213ed0195baee6ae5149043c5
19:11:23 [main] [INFO ] testCases.LoginTest_dataDriven -  Login Test Case Starts 
19:11:23 [main] [INFO ] testCases.LoginTest_dataDriven -  Performing Actions on Home Page for loginTest 
19:11:24 [main] [INFO ] testCases.LoginTest_dataDriven -  Performing Actions at loginTest 
19:11:24 [main] [INFO ] testCases.LoginTest_dataDriven -  Clicking logOut button in AccountPafe 
19:11:35 [main] [ERROR] testCases.LoginTest_dataDriven - 		--)Failed at Verifying the AccountPage Status : no such element: Unable to locate element: {"method":"xpath","selector":"//h2[normalize-space()='My Account']"}
  (Session info: chrome=136.0.7103.114)
For documentation on this error, please visit: https://www.selenium.dev/documentation/webdriver/troubleshooting/errors#no-such-element-exception
Build info: version: '4.32.0', revision: 'd17c8aa950'
System info: os.name: 'Windows 11', os.arch: 'amd64', os.version: '10.0', java.version: '21.0.6'
Driver info: org.openqa.selenium.chrome.ChromeDriver
Command: [6907b9c213ed0195baee6ae5149043c5, findElement {value=//h2[normalize-space()='My Account'], using=xpath}]
Capabilities {acceptInsecureCerts: false, browserName: chrome, browserVersion: 136.0.7103.114, chrome: {chromedriverVersion: 136.0.7103.113 (76fa3c17824..., userDataDir: C:\Users\gowri\AppData\Loca...}, fedcm:accounts: true, goog:chromeOptions: {debuggerAddress: localhost:52900}, networkConnectionEnabled: false, pageLoadStrategy: normal, platformName: windows, proxy: Proxy(), se:cdp: ws://localhost:52900/devtoo..., se:cdpVersion: 136.0.7103.114, setWindowRect: true, strictFileInteractability: false, timeouts: {implicit: 0, pageLoad: 300000, script: 30000}, unhandledPromptBehavior: dismiss and notify, webauthn:extension:credBlob: true, webauthn:extension:largeBlob: true, webauthn:extension:minPinLength: true, webauthn:extension:prf: true, webauthn:virtualAuthenticators: true}
Session ID: 6907b9c213ed0195baee6ae5149043c5
19:11:35 [main] [INFO ] testCases.LoginTest_dataDriven - Closing the Browser
